[debug] [2021-03-01T19:34:06.944Z] ----------------------------------------------------------------------
[debug] [2021-03-01T19:34:06.945Z] Command:       /usr/local/bin/firebase /Users/segevshoval/.cache/firebase/tools/lib/node_modules/firebase-tools/lib/bin/firebase init hosting
[debug] [2021-03-01T19:34:06.945Z] CLI Version:   9.2.1
[debug] [2021-03-01T19:34:06.945Z] Platform:      darwin
[debug] [2021-03-01T19:34:06.945Z] Node Version:  v12.18.1
[debug] [2021-03-01T19:34:06.949Z] Time:          Mon Mar 01 2021 21:34:06 GMT+0200 (Israel Standard Time)
[debug] [2021-03-01T19:34:06.949Z] ----------------------------------------------------------------------
[debug] [2021-03-01T19:34:06.949Z] 
[debug] [2021-03-01T19:34:06.956Z] > command requires scopes: ["email","openid","https://www.googleapis.com/auth/cloudplatformprojects.readonly","https://www.googleapis.com/auth/firebase","https://www.googleapis.com/auth/cloud-platform"]
[debug] [2021-03-01T19:34:06.956Z] > authorizing via signed-in user
[info] 
     ######## #### ########  ######## ########     ###     ######  ########
     ##        ##  ##     ## ##       ##     ##  ##   ##  ##       ##
     ######    ##  ########  ######   ########  #########  ######  ######
     ##        ##  ##    ##  ##       ##     ## ##     ##       ## ##
     ##       #### ##     ## ######## ########  ##     ##  ######  ########

You're about to initialize a Firebase project in this directory:

  /Users/segevshoval/Desktop/workspace/ebay-task

Before we get started, keep in mind:

  * You are initializing in an existing Firebase project directory

[info] 
=== Project Setup
[info] 
[info] First, let's associate this project directory with a Firebase project.
[info] You can create multiple project aliases by running firebase use --add, 
[info] but for now we'll just set up a default project.
[info] 
[info] i  .firebaserc already has a default project, using mars-api-a72b5. 
[debug] [2021-03-01T19:34:06.962Z] > refreshing access token with scopes: []
[debug] [2021-03-01T19:34:06.962Z] >>> HTTP REQUEST POST https://www.googleapis.com/oauth2/v3/token  
 <request body omitted>
[debug] [2021-03-01T19:34:07.258Z] <<< HTTP RESPONSE 200 {"expires":"Mon, 01 Jan 1990 00:00:00 GMT","cache-control":"no-cache, no-store, max-age=0, must-revalidate","date":"Mon, 01 Mar 2021 19:34:07 GMT","pragma":"no-cache","content-type":"application/json; charset=utf-8","vary":"X-Origin, Referer, Origin,Accept-Encoding","server":"scaffolding on HTTPServer2","x-xss-protection":"0","x-frame-options":"SAMEORIGIN","x-content-type-options":"nosniff","alt-svc":"h3-29=\":443\"; ma=2592000,h3-T051=\":443\"; ma=2592000,h3-Q050=\":443\"; ma=2592000,h3-Q046=\":443\"; ma=2592000,h3-Q043=\":443\"; ma=2592000,quic=\":443\"; ma=2592000; v=\"46,43\"","accept-ranges":"none","transfer-encoding":"chunked"}
[debug] [2021-03-01T19:34:07.285Z] >>> [apiv2][query] GET https://firebase.googleapis.com/v1beta1/projects/mars-api-a72b5 [none]
[debug] [2021-03-01T19:34:07.680Z] <<< [apiv2][status] GET https://firebase.googleapis.com/v1beta1/projects/mars-api-a72b5 200
[debug] [2021-03-01T19:34:07.680Z] <<< [apiv2][body] GET https://firebase.googleapis.com/v1beta1/projects/mars-api-a72b5 {"projectId":"mars-api-a72b5","projectNumber":"846584902406","displayName":"mars-api","name":"projects/mars-api-a72b5","resources":{"hostingSite":"mars-api-a72b5"},"state":"ACTIVE"}
[info] 
=== Hosting Setup
[info] 
[info] Your public directory is the folder (relative to your project directory) that
[info] will contain Hosting assets to be uploaded with firebase deploy. If you
[info] have a build process for your assets, use your build's output directory.
[info] 
